origin	https://github.com/RosalieChhen/RES_Labo05_Orchestra.git (fetch)
origin	https://github.com/RosalieChhen/RES_Labo05_Orchestra.git (push)
Starting auditor container "88f62f777f3fe2b0cc3c725da8b8d6f2f247afc0718697e1b84629926d3663d0"
Starting auditor container "873e8937e37b73b1431832f83a44c634fd54802d874a832131961a8aa5f1c63e"
Starting auditor container "688059e14c5628cf6ce4aec97503243c75e3f146bca96dd2b8af17de055355fa"
Starting auditor container "c814a852e5cb7202518547ab2bf0a1d9b46db8d95acad04779982ad65f9c3c01"
Starting auditor container "a2f6864b9b346335286d0906c1f74cdfae6945b6b5d794ade96f9aab22ef6a87"
Starting auditor container "c2ad3efbb2c112090de9ca19f538615103055f1a27374a7cba6ef7379fedb7bd"
Starting auditor container "5483d2ccd6112d6455944dfbd0e059717db700f931e87e5d0b6d049a63639f75"
Starting auditor container "930142dcda47edb58fe93ca1f5c6d4a6c7a43ff8c4164df4508ffae89c4de5ac"
Starting auditor container "348d4ff742442c2372213d4c0b8992e022e7bb07c8717cfd091260bd670106e4"
Starting auditor container "da91c7ef205bd222aff84e845d903874532b1bfad831cc96f994b8e004959538"
Starting auditor container "a62bd089f24659e15173aa6daa21957b91c6deda74b1303b58e84fe15d0f3735"
11 containers have been started.
873e8937e37b73b1431832f83a44c634fd54802d874a832131961a8aa5f1c63e : /opt/app/index.js,trumpet
c2ad3efbb2c112090de9ca19f538615103055f1a27374a7cba6ef7379fedb7bd : /opt/app/index.js,violin
c814a852e5cb7202518547ab2bf0a1d9b46db8d95acad04779982ad65f9c3c01 : /opt/app/index.js,drum
88f62f777f3fe2b0cc3c725da8b8d6f2f247afc0718697e1b84629926d3663d0 : /opt/app/index.js,trumpet
a2f6864b9b346335286d0906c1f74cdfae6945b6b5d794ade96f9aab22ef6a87 : /opt/app/index.js,violin
a62bd089f24659e15173aa6daa21957b91c6deda74b1303b58e84fe15d0f3735 : /opt/app/index.js,drum
348d4ff742442c2372213d4c0b8992e022e7bb07c8717cfd091260bd670106e4 : /opt/app/index.js,drum
930142dcda47edb58fe93ca1f5c6d4a6c7a43ff8c4164df4508ffae89c4de5ac : /opt/app/index.js,flute
5483d2ccd6112d6455944dfbd0e059717db700f931e87e5d0b6d049a63639f75 : /opt/app/index.js,flute
da91c7ef205bd222aff84e845d903874532b1bfad831cc96f994b8e004959538 : /opt/app/index.js,trumpet
688059e14c5628cf6ce4aec97503243c75e3f146bca96dd2b8af17de055355fa : /opt/app/index.js,piano
Auditor validation: success: ["drum","drum","drum","flute","flute","trumpet","trumpet","trumpet","violin","violin"]
There are 10 musicians, let's kill one
killed da91c7ef205bd222aff84e845d903874532b1bfad831cc96f994b8e004959538
Auditor validation: success: ["drum","drum","drum","flute","flute","trumpet","trumpet","violin","violin"]
Scheduling a new test
There are 9 musicians, let's kill one
killed a2f6864b9b346335286d0906c1f74cdfae6945b6b5d794ade96f9aab22ef6a87
Auditor validation: success: ["drum","drum","drum","flute","flute","trumpet","trumpet","violin"]
Scheduling a new test
There are 8 musicians, let's kill one
killed c2ad3efbb2c112090de9ca19f538615103055f1a27374a7cba6ef7379fedb7bd
Auditor validation: success: ["drum","drum","drum","flute","flute","trumpet","trumpet"]
Scheduling a new test
There are 7 musicians, let's kill one
killed c814a852e5cb7202518547ab2bf0a1d9b46db8d95acad04779982ad65f9c3c01
Auditor validation: success: ["drum","drum","flute","flute","trumpet","trumpet"]
Scheduling a new test
We have done all tests.
